<?xml version="1.0" encoding="UTF-8"?>
<testsuites>
  <testsuite id="0" name="/Users/jeremiezarca/Desktop/Enablon/test-app/src/App.test.js" errors="0" package="/Users/jeremiezarca/Desktop/Enablon/test-app/src/App.test.js" hostname="localhost" tests="1" failures="0" time="1.705" timestamp="2018-01-31T14:26:15">
    <properties>
    </properties>
    <testcase classname="renders without crashing" name="renders without crashing" time="0">
    </testcase>
    <system-out/>
    <system-err/>
  </testsuite>
  <testsuite id="1" name="/Users/jeremiezarca/Desktop/Enablon/test-app/src/test/app-view.test.js" errors="0" package="/Users/jeremiezarca/Desktop/Enablon/test-app/src/test/app-view.test.js" hostname="localhost" tests="1" failures="0" time="0.259" timestamp="2018-01-31T14:26:16">
    <properties>
    </properties>
    <testcase classname="renders without even crashing" name="renders without even crashing" time="0">
    </testcase>
    <system-out/>
    <system-err/>
  </testsuite>
  <testsuite id="2" name="/Users/jeremiezarca/Desktop/Enablon/test-app/src/test/table-view.test.js" errors="0" package="/Users/jeremiezarca/Desktop/Enablon/test-app/src/test/table-view.test.js" hostname="localhost" tests="1" failures="0" time="0.184" timestamp="2018-01-31T14:26:17">
    <properties>
    </properties>
    <testcase classname="renders without crashing" name="renders without crashing" time="0">
    </testcase>
    <system-out/>
    <system-err/>
  </testsuite>
</testsuites>